{
  "stats": {
    "suites": 1,
    "tests": 3,
    "passes": 3,
    "pending": 0,
    "failures": 0,
    "start": "2022-11-17T13:42:32.899Z",
    "end": "2022-11-17T13:42:41.591Z",
    "duration": 8692,
    "testsRegistered": 3,
    "passPercent": 100,
    "pendingPercent": 0,
    "other": 0,
    "hasOther": false,
    "skipped": 0,
    "hasSkipped": false
  },
  "results": [
    {
      "uuid": "fe27ab9d-7a95-4d9e-8d84-09c000cfcef7",
      "title": "",
      "fullFile": "cypress\\e2e\\env_driven\\imdb.top_box_office.cy.js",
      "file": "cypress\\e2e\\env_driven\\imdb.top_box_office.cy.js",
      "beforeHooks": [],
      "afterHooks": [],
      "tests": [],
      "suites": [
        {
          "uuid": "410616cc-c56d-4d8a-9684-90d9b6e11652",
          "title": "Should open https://www.imdb.com/, ENV_driven-top_box",
          "fullFile": "",
          "file": "",
          "beforeHooks": [],
          "afterHooks": [],
          "tests": [
            {
              "title": "open Home Page, and check Top Box Office list header is 'Top box office (US)'",
              "fullTitle": "Should open https://www.imdb.com/, ENV_driven-top_box open Home Page, and check Top Box Office list header is 'Top box office (US)'",
              "timedOut": null,
              "duration": 3192,
              "state": "passed",
              "speed": "fast",
              "pass": true,
              "fail": false,
              "pending": false,
              "context": null,
              "code": "cy.log(`Open IMDB Home page`);\nBasePage.open();\ncy.log(`Check the Top Box Office list header is '${topBoxOfficeHeaderTxt}'`);\ncy.scrollTo('bottom');\ncy.get(BasePage.topBoxOfficeHeader).should('have.text', topBoxOfficeHeaderTxt);",
              "err": {},
              "uuid": "1fc2a4db-07b2-4fa5-a89d-32f3df3fa026",
              "parentUUID": "410616cc-c56d-4d8a-9684-90d9b6e11652",
              "isHook": false,
              "skipped": false
            },
            {
              "title": "click on the item number 2on the Top box office list, and check Film Page header is visible",
              "fullTitle": "Should open https://www.imdb.com/, ENV_driven-top_box click on the item number 2on the Top box office list, and check Film Page header is visible",
              "timedOut": null,
              "duration": 2927,
              "state": "passed",
              "speed": "fast",
              "pass": true,
              "fail": false,
              "pending": false,
              "context": null,
              "code": "cy.log(`Click the ${Cypress.env('tvBoxFilm')} film link using index ${topBoxFilm}`);\nBasePage.openTopBoxOfficeFilm(topBoxFilm);\ncy.log(`Check the page header is displayed`);\ncy.get(FilmPage.filmPageHeader).should('be.visible');",
              "err": {},
              "uuid": "ace25035-47ee-4dcb-9210-b326409dab1c",
              "parentUUID": "410616cc-c56d-4d8a-9684-90d9b6e11652",
              "isHook": false,
              "skipped": false
            },
            {
              "title": "set '5' stars Rating, click on the Rate button, and check page redirected to the Sign In page",
              "fullTitle": "Should open https://www.imdb.com/, ENV_driven-top_box set '5' stars Rating, click on the Rate button, and check page redirected to the Sign In page",
              "timedOut": null,
              "duration": 2499,
              "state": "passed",
              "speed": "fast",
              "pass": true,
              "fail": false,
              "pending": false,
              "context": null,
              "code": "//provide index from 0 to 9 to rateFilm()\ncy.log(`Rate the film with '${Cypress.env('filmRate')}' stars Rating`);\nFilmPage.rateFilm(filmRate);\ncy.log(`Check the IMDB login/signup page is opened`);\ncy.url().should('contain', signInUrl);",
              "err": {},
              "uuid": "1529e7aa-117d-4b67-8bd5-0a00643ef234",
              "parentUUID": "410616cc-c56d-4d8a-9684-90d9b6e11652",
              "isHook": false,
              "skipped": false
            }
          ],
          "suites": [],
          "passes": [
            "1fc2a4db-07b2-4fa5-a89d-32f3df3fa026",
            "ace25035-47ee-4dcb-9210-b326409dab1c",
            "1529e7aa-117d-4b67-8bd5-0a00643ef234"
          ],
          "failures": [],
          "pending": [],
          "skipped": [],
          "duration": 8618,
          "root": false,
          "rootEmpty": false,
          "_timeout": 2000
        }
      ],
      "passes": [],
      "failures": [],
      "pending": [],
      "skipped": [],
      "duration": 0,
      "root": true,
      "rootEmpty": true,
      "_timeout": 2000
    }
  ],
  "meta": {
    "mocha": {
      "version": "7.0.1"
    },
    "mochawesome": {
      "options": {
        "quiet": false,
        "reportFilename": "mochawesome",
        "saveHtml": false,
        "saveJson": true,
        "consoleReporter": "spec",
        "useInlineDiffs": false,
        "code": true
      },
      "version": "7.1.3"
    },
    "marge": {
      "options": {
        "reportDir": "mochawesome-report\\.jsons",
        "charts": true,
        "reportPageTitle": "IMDB Cypress test for Verisk",
        "embeddedScreenshots": true,
        "inlineAssets": true,
        "saveAllAttempts": false,
        "overwrite": false,
        "html": false,
        "json": true
      },
      "version": "6.2.0"
    }
  }
}