{
  "stats": {
    "suites": 1,
    "tests": 3,
    "passes": 3,
    "pending": 0,
    "failures": 0,
    "start": "2022-12-10T10:35:38.546Z",
    "end": "2022-12-10T10:35:56.248Z",
    "duration": 17702,
    "testsRegistered": 3,
    "passPercent": 100,
    "pendingPercent": 0,
    "other": 0,
    "hasOther": false,
    "skipped": 0,
    "hasSkipped": false
  },
  "results": [
    {
      "uuid": "9a81dd95-6b01-4453-89ae-1f62fe130fde",
      "title": "",
      "fullFile": "cypress\\e2e\\env_driven\\imdb.actor_filmography.cy.js",
      "file": "cypress\\e2e\\env_driven\\imdb.actor_filmography.cy.js",
      "beforeHooks": [],
      "afterHooks": [],
      "tests": [],
      "suites": [
        {
          "uuid": "55039d4a-85c0-40db-b569-090ce60bd800",
          "title": "Should open 'https://www.imdb.com/', ENV_driven-filmography",
          "fullFile": "",
          "file": "",
          "beforeHooks": [],
          "afterHooks": [],
          "tests": [
            {
              "title": "search and access Nicolas Cage profile, and check profile header is 'Nicolas Cage'",
              "fullTitle": "Should open 'https://www.imdb.com/', ENV_driven-filmography search and access Nicolas Cage profile, and check profile header is 'Nicolas Cage'",
              "timedOut": null,
              "duration": 10573,
              "state": "passed",
              "speed": "slow",
              "pass": true,
              "fail": false,
              "pending": false,
              "context": null,
              "code": "cy.log(`Open IMDB Home page`);\nBasePage.open();\ncy.log(`Search for actor with name ${actorName}`);\nActorPage.avatar = actorName;\nBasePage.searchActor(actorName, ActorPage.actor);\ncy.log(`Check the opened page has the header with text ${actorName}`);\ncy.get(ActorPage.profileHeader).eq(0).should('have.text', actorName);",
              "err": {},
              "uuid": "760aa645-d818-4d33-8478-63080672edff",
              "parentUUID": "55039d4a-85c0-40db-b569-090ce60bd800",
              "isHook": false,
              "skipped": false
            },
            {
              "title": "sort filmography by Rating, and check rating sorted header is 'Sort by IMDb Rating - Highest Rated  Movies and TV Shows With Nicolas Cage  '",
              "fullTitle": "Should open 'https://www.imdb.com/', ENV_driven-filmography sort filmography by Rating, and check rating sorted header is 'Sort by IMDb Rating - Highest Rated  Movies and TV Shows With Nicolas Cage  '",
              "timedOut": null,
              "duration": 4187,
              "state": "passed",
              "speed": "fast",
              "pass": true,
              "fail": false,
              "pending": false,
              "context": null,
              "code": "//performs sort dependant on the 'old' or 'new' version of website is loaded\ncy.log(`Sort filmography by Rating`);\nActorPage.selectByRating(ratingOptionOld, ratingLinkTxt);\ncy.log(`Check the page header is '${ratingHeaderTxt}`);\ncy.get(ActorPage.filmographyHeader).should('have.text', ratingHeaderTxt);",
              "err": {},
              "uuid": "582f8540-27f9-4b9f-83a7-1949860c6380",
              "parentUUID": "55039d4a-85c0-40db-b569-090ce60bd800",
              "isHook": false,
              "skipped": false
            },
            {
              "title": "include only Feature Film, and check Feature Film header is 'Sort by IMDb Rating - Highest Rated Feature Films With Nicolas Cage  '",
              "fullTitle": "Should open 'https://www.imdb.com/', ENV_driven-filmography include only Feature Film, and check Feature Film header is 'Sort by IMDb Rating - Highest Rated Feature Films With Nicolas Cage  '",
              "timedOut": null,
              "duration": 2778,
              "state": "passed",
              "speed": "fast",
              "pass": true,
              "fail": false,
              "pending": false,
              "context": null,
              "code": "cy.log(`Include only Feature Film`);\ncy.get(ActorPage.featureFilmInput).click();\ncy.log(`Check the page header is '${featureHeaderTxt}'`);\ncy.get(ActorPage.filmographyHeader).should('have.text', featureHeaderTxt);",
              "err": {},
              "uuid": "91bd33f5-ba67-48b7-9e02-3ec3f6bc366d",
              "parentUUID": "55039d4a-85c0-40db-b569-090ce60bd800",
              "isHook": false,
              "skipped": false
            }
          ],
          "suites": [],
          "passes": [
            "760aa645-d818-4d33-8478-63080672edff",
            "582f8540-27f9-4b9f-83a7-1949860c6380",
            "91bd33f5-ba67-48b7-9e02-3ec3f6bc366d"
          ],
          "failures": [],
          "pending": [],
          "skipped": [],
          "duration": 17538,
          "root": false,
          "rootEmpty": false,
          "_timeout": 2000
        }
      ],
      "passes": [],
      "failures": [],
      "pending": [],
      "skipped": [],
      "duration": 0,
      "root": true,
      "rootEmpty": true,
      "_timeout": 2000
    }
  ],
  "meta": {
    "mocha": {
      "version": "7.0.1"
    },
    "mochawesome": {
      "options": {
        "quiet": false,
        "reportFilename": "mochawesome",
        "saveHtml": false,
        "saveJson": true,
        "consoleReporter": "spec",
        "useInlineDiffs": false,
        "code": true
      },
      "version": "7.1.3"
    },
    "marge": {
      "options": {
        "reportDir": "mochawesome-report\\.jsons",
        "charts": true,
        "reportPageTitle": "IMDB Cypress test for Verisk",
        "embeddedScreenshots": true,
        "inlineAssets": true,
        "saveAllAttempts": false,
        "overwrite": false,
        "html": false,
        "json": true
      },
      "version": "6.2.0"
    }
  }
}