{
  "stats": {
    "suites": 1,
    "tests": 42,
    "passes": 42,
    "pending": 0,
    "failures": 0,
    "start": "2022-11-17T13:42:43.181Z",
    "end": "2022-11-17T13:46:08.725Z",
    "duration": 205544,
    "testsRegistered": 42,
    "passPercent": 100,
    "pendingPercent": 0,
    "other": 0,
    "hasOther": false,
    "skipped": 0,
    "hasSkipped": false
  },
  "results": [
    {
      "uuid": "ea61125d-2789-4867-bfec-7bd2134e09cc",
      "title": "",
      "fullFile": "cypress\\e2e\\data_driven\\data_driven.actor_filmography.cy.js",
      "file": "cypress\\e2e\\data_driven\\data_driven.actor_filmography.cy.js",
      "beforeHooks": [],
      "afterHooks": [],
      "tests": [],
      "suites": [
        {
          "uuid": "a3c157ee-f50b-4435-8207-9c574f90e284",
          "title": "Should open 'https://www.imdb.com/', Data_driven-filmography",
          "fullFile": "",
          "file": "",
          "beforeHooks": [],
          "afterHooks": [],
          "tests": [
            {
              "title": "search and access Nicolas Cage profile, and check profile header is 'Nicolas Cage'",
              "fullTitle": "Should open 'https://www.imdb.com/', Data_driven-filmography search and access Nicolas Cage profile, and check profile header is 'Nicolas Cage'",
              "timedOut": null,
              "duration": 7613,
              "state": "passed",
              "speed": "medium",
              "pass": true,
              "fail": false,
              "pending": false,
              "context": null,
              "code": "cy.log(`Open IMDB Home page`);\nBasePage.open();\ncy.log(`Search for actor with name ${el.actorName}`);\nActorPage.avatar = el.actorName;\nBasePage.searchActor(el.actorName, ActorPage.actor);\ncy.log(`Check the opened page has the header with text ${el.actorName}`);\ncy.get(ActorPage.profileHeader).eq(0).should('have.text', el.actorName);",
              "err": {},
              "uuid": "b62845dd-4542-4dd4-8a15-cc8f55bd85b1",
              "parentUUID": "a3c157ee-f50b-4435-8207-9c574f90e284",
              "isHook": false,
              "skipped": false
            },
            {
              "title": "sort filmography by Rating, and check rating sorted header is 'Sort by IMDb Rating - Highest Rated  Movies and TV Shows With Nicolas Cage  '",
              "fullTitle": "Should open 'https://www.imdb.com/', Data_driven-filmography sort filmography by Rating, and check rating sorted header is 'Sort by IMDb Rating - Highest Rated  Movies and TV Shows With Nicolas Cage  '",
              "timedOut": null,
              "duration": 3275,
              "state": "passed",
              "speed": "fast",
              "pass": true,
              "fail": false,
              "pending": false,
              "context": null,
              "code": "//performs sort dependant on the 'old' or 'new' version of website is loaded\ncy.log(`Sort filmography by Rating`);\nActorPage.selectByRating(ratingOptionOld, ratingLinkTxt);\ncy.log(`Check the page header is '${ratingHeaderTxt}`);\ncy.get(ActorPage.filmographyHeader).should('have.text', ratingHeaderTxt);",
              "err": {},
              "uuid": "c4914799-1ba9-4326-8ca0-81c11f9653ae",
              "parentUUID": "a3c157ee-f50b-4435-8207-9c574f90e284",
              "isHook": false,
              "skipped": false
            },
            {
              "title": "include only Feature Film, and check Feature Film header is 'Sort by IMDb Rating - Highest Rated Feature Films With Nicolas Cage  '",
              "fullTitle": "Should open 'https://www.imdb.com/', Data_driven-filmography include only Feature Film, and check Feature Film header is 'Sort by IMDb Rating - Highest Rated Feature Films With Nicolas Cage  '",
              "timedOut": null,
              "duration": 2759,
              "state": "passed",
              "speed": "fast",
              "pass": true,
              "fail": false,
              "pending": false,
              "context": null,
              "code": "cy.log(`Include only Feature Film`);\ncy.get(ActorPage.featureFilmInput).click();\ncy.log(`Check the page header is '${featureHeaderTxt}'`);\ncy.get(ActorPage.filmographyHeader).should('have.text', featureHeaderTxt);",
              "err": {},
              "uuid": "45c953c5-c6f1-4814-b4d9-3f3fa9f20add",
              "parentUUID": "a3c157ee-f50b-4435-8207-9c574f90e284",
              "isHook": false,
              "skipped": false
            },
            {
              "title": "search and access Tom Hanks profile, and check profile header is 'Tom Hanks'",
              "fullTitle": "Should open 'https://www.imdb.com/', Data_driven-filmography search and access Tom Hanks profile, and check profile header is 'Tom Hanks'",
              "timedOut": null,
              "duration": 6484,
              "state": "passed",
              "speed": "medium",
              "pass": true,
              "fail": false,
              "pending": false,
              "context": null,
              "code": "cy.log(`Open IMDB Home page`);\nBasePage.open();\ncy.log(`Search for actor with name ${el.actorName}`);\nActorPage.avatar = el.actorName;\nBasePage.searchActor(el.actorName, ActorPage.actor);\ncy.log(`Check the opened page has the header with text ${el.actorName}`);\ncy.get(ActorPage.profileHeader).eq(0).should('have.text', el.actorName);",
              "err": {},
              "uuid": "0e7e4d51-ac57-48d9-abb3-266f5a7d8160",
              "parentUUID": "a3c157ee-f50b-4435-8207-9c574f90e284",
              "isHook": false,
              "skipped": false
            },
            {
              "title": "sort filmography by Rating, and check rating sorted header is 'Sort by IMDb Rating - Highest Rated  Movies and TV Shows With Tom Hanks  '",
              "fullTitle": "Should open 'https://www.imdb.com/', Data_driven-filmography sort filmography by Rating, and check rating sorted header is 'Sort by IMDb Rating - Highest Rated  Movies and TV Shows With Tom Hanks  '",
              "timedOut": null,
              "duration": 3382,
              "state": "passed",
              "speed": "fast",
              "pass": true,
              "fail": false,
              "pending": false,
              "context": null,
              "code": "//performs sort dependant on the 'old' or 'new' version of website is loaded\ncy.log(`Sort filmography by Rating`);\nActorPage.selectByRating(ratingOptionOld, ratingLinkTxt);\ncy.log(`Check the page header is '${ratingHeaderTxt}`);\ncy.get(ActorPage.filmographyHeader).should('have.text', ratingHeaderTxt);",
              "err": {},
              "uuid": "8e646fbd-0b95-4c8e-9fd3-9c60cd321e87",
              "parentUUID": "a3c157ee-f50b-4435-8207-9c574f90e284",
              "isHook": false,
              "skipped": false
            },
            {
              "title": "include only Feature Film, and check Feature Film header is 'Sort by IMDb Rating - Highest Rated Feature Films With Tom Hanks  '",
              "fullTitle": "Should open 'https://www.imdb.com/', Data_driven-filmography include only Feature Film, and check Feature Film header is 'Sort by IMDb Rating - Highest Rated Feature Films With Tom Hanks  '",
              "timedOut": null,
              "duration": 2884,
              "state": "passed",
              "speed": "fast",
              "pass": true,
              "fail": false,
              "pending": false,
              "context": null,
              "code": "cy.log(`Include only Feature Film`);\ncy.get(ActorPage.featureFilmInput).click();\ncy.log(`Check the page header is '${featureHeaderTxt}'`);\ncy.get(ActorPage.filmographyHeader).should('have.text', featureHeaderTxt);",
              "err": {},
              "uuid": "7b925036-8b27-4651-8ff3-dfcb1b9d861a",
              "parentUUID": "a3c157ee-f50b-4435-8207-9c574f90e284",
              "isHook": false,
              "skipped": false
            },
            {
              "title": "search and access Denzel Washington profile, and check profile header is 'Denzel Washington'",
              "fullTitle": "Should open 'https://www.imdb.com/', Data_driven-filmography search and access Denzel Washington profile, and check profile header is 'Denzel Washington'",
              "timedOut": null,
              "duration": 8132,
              "state": "passed",
              "speed": "medium",
              "pass": true,
              "fail": false,
              "pending": false,
              "context": null,
              "code": "cy.log(`Open IMDB Home page`);\nBasePage.open();\ncy.log(`Search for actor with name ${el.actorName}`);\nActorPage.avatar = el.actorName;\nBasePage.searchActor(el.actorName, ActorPage.actor);\ncy.log(`Check the opened page has the header with text ${el.actorName}`);\ncy.get(ActorPage.profileHeader).eq(0).should('have.text', el.actorName);",
              "err": {},
              "uuid": "8061085c-1204-4177-94fb-596f58c5d115",
              "parentUUID": "a3c157ee-f50b-4435-8207-9c574f90e284",
              "isHook": false,
              "skipped": false
            },
            {
              "title": "sort filmography by Rating, and check rating sorted header is 'Sort by IMDb Rating - Highest Rated  Movies and TV Shows With Denzel Washington  '",
              "fullTitle": "Should open 'https://www.imdb.com/', Data_driven-filmography sort filmography by Rating, and check rating sorted header is 'Sort by IMDb Rating - Highest Rated  Movies and TV Shows With Denzel Washington  '",
              "timedOut": null,
              "duration": 3809,
              "state": "passed",
              "speed": "fast",
              "pass": true,
              "fail": false,
              "pending": false,
              "context": null,
              "code": "//performs sort dependant on the 'old' or 'new' version of website is loaded\ncy.log(`Sort filmography by Rating`);\nActorPage.selectByRating(ratingOptionOld, ratingLinkTxt);\ncy.log(`Check the page header is '${ratingHeaderTxt}`);\ncy.get(ActorPage.filmographyHeader).should('have.text', ratingHeaderTxt);",
              "err": {},
              "uuid": "493856fb-2127-4caa-9b3b-06174f8fc67b",
              "parentUUID": "a3c157ee-f50b-4435-8207-9c574f90e284",
              "isHook": false,
              "skipped": false
            },
            {
              "title": "include only Feature Film, and check Feature Film header is 'Sort by IMDb Rating - Highest Rated Feature Films With Denzel Washington  '",
              "fullTitle": "Should open 'https://www.imdb.com/', Data_driven-filmography include only Feature Film, and check Feature Film header is 'Sort by IMDb Rating - Highest Rated Feature Films With Denzel Washington  '",
              "timedOut": null,
              "duration": 3724,
              "state": "passed",
              "speed": "fast",
              "pass": true,
              "fail": false,
              "pending": false,
              "context": null,
              "code": "cy.log(`Include only Feature Film`);\ncy.get(ActorPage.featureFilmInput).click();\ncy.log(`Check the page header is '${featureHeaderTxt}'`);\ncy.get(ActorPage.filmographyHeader).should('have.text', featureHeaderTxt);",
              "err": {},
              "uuid": "9bb339de-717e-484a-8e30-5286b26559d1",
              "parentUUID": "a3c157ee-f50b-4435-8207-9c574f90e284",
              "isHook": false,
              "skipped": false
            },
            {
              "title": "search and access Morgan Freeman profile, and check profile header is 'Morgan Freeman'",
              "fullTitle": "Should open 'https://www.imdb.com/', Data_driven-filmography search and access Morgan Freeman profile, and check profile header is 'Morgan Freeman'",
              "timedOut": null,
              "duration": 7755,
              "state": "passed",
              "speed": "medium",
              "pass": true,
              "fail": false,
              "pending": false,
              "context": null,
              "code": "cy.log(`Open IMDB Home page`);\nBasePage.open();\ncy.log(`Search for actor with name ${el.actorName}`);\nActorPage.avatar = el.actorName;\nBasePage.searchActor(el.actorName, ActorPage.actor);\ncy.log(`Check the opened page has the header with text ${el.actorName}`);\ncy.get(ActorPage.profileHeader).eq(0).should('have.text', el.actorName);",
              "err": {},
              "uuid": "4a4ed11e-223c-454c-b44d-f965d482129b",
              "parentUUID": "a3c157ee-f50b-4435-8207-9c574f90e284",
              "isHook": false,
              "skipped": false
            },
            {
              "title": "sort filmography by Rating, and check rating sorted header is 'Sort by IMDb Rating - Highest Rated  Movies and TV Shows With Morgan Freeman  '",
              "fullTitle": "Should open 'https://www.imdb.com/', Data_driven-filmography sort filmography by Rating, and check rating sorted header is 'Sort by IMDb Rating - Highest Rated  Movies and TV Shows With Morgan Freeman  '",
              "timedOut": null,
              "duration": 3644,
              "state": "passed",
              "speed": "fast",
              "pass": true,
              "fail": false,
              "pending": false,
              "context": null,
              "code": "//performs sort dependant on the 'old' or 'new' version of website is loaded\ncy.log(`Sort filmography by Rating`);\nActorPage.selectByRating(ratingOptionOld, ratingLinkTxt);\ncy.log(`Check the page header is '${ratingHeaderTxt}`);\ncy.get(ActorPage.filmographyHeader).should('have.text', ratingHeaderTxt);",
              "err": {},
              "uuid": "d85942af-8253-49fe-9f0c-c88411e57cf2",
              "parentUUID": "a3c157ee-f50b-4435-8207-9c574f90e284",
              "isHook": false,
              "skipped": false
            },
            {
              "title": "include only Feature Film, and check Feature Film header is 'Sort by IMDb Rating - Highest Rated Feature Films With Morgan Freeman  '",
              "fullTitle": "Should open 'https://www.imdb.com/', Data_driven-filmography include only Feature Film, and check Feature Film header is 'Sort by IMDb Rating - Highest Rated Feature Films With Morgan Freeman  '",
              "timedOut": null,
              "duration": 3768,
              "state": "passed",
              "speed": "fast",
              "pass": true,
              "fail": false,
              "pending": false,
              "context": null,
              "code": "cy.log(`Include only Feature Film`);\ncy.get(ActorPage.featureFilmInput).click();\ncy.log(`Check the page header is '${featureHeaderTxt}'`);\ncy.get(ActorPage.filmographyHeader).should('have.text', featureHeaderTxt);",
              "err": {},
              "uuid": "694c5074-698a-4b27-a7b7-be415d0c5394",
              "parentUUID": "a3c157ee-f50b-4435-8207-9c574f90e284",
              "isHook": false,
              "skipped": false
            },
            {
              "title": "search and access Harrison Ford profile, and check profile header is 'Harrison Ford'",
              "fullTitle": "Should open 'https://www.imdb.com/', Data_driven-filmography search and access Harrison Ford profile, and check profile header is 'Harrison Ford'",
              "timedOut": null,
              "duration": 7903,
              "state": "passed",
              "speed": "medium",
              "pass": true,
              "fail": false,
              "pending": false,
              "context": null,
              "code": "cy.log(`Open IMDB Home page`);\nBasePage.open();\ncy.log(`Search for actor with name ${el.actorName}`);\nActorPage.avatar = el.actorName;\nBasePage.searchActor(el.actorName, ActorPage.actor);\ncy.log(`Check the opened page has the header with text ${el.actorName}`);\ncy.get(ActorPage.profileHeader).eq(0).should('have.text', el.actorName);",
              "err": {},
              "uuid": "c6ab0aed-8d9f-4a2d-a1e9-bb8ef726a49c",
              "parentUUID": "a3c157ee-f50b-4435-8207-9c574f90e284",
              "isHook": false,
              "skipped": false
            },
            {
              "title": "sort filmography by Rating, and check rating sorted header is 'Sort by IMDb Rating - Highest Rated  Movies and TV Shows With Harrison Ford  '",
              "fullTitle": "Should open 'https://www.imdb.com/', Data_driven-filmography sort filmography by Rating, and check rating sorted header is 'Sort by IMDb Rating - Highest Rated  Movies and TV Shows With Harrison Ford  '",
              "timedOut": null,
              "duration": 3831,
              "state": "passed",
              "speed": "fast",
              "pass": true,
              "fail": false,
              "pending": false,
              "context": null,
              "code": "//performs sort dependant on the 'old' or 'new' version of website is loaded\ncy.log(`Sort filmography by Rating`);\nActorPage.selectByRating(ratingOptionOld, ratingLinkTxt);\ncy.log(`Check the page header is '${ratingHeaderTxt}`);\ncy.get(ActorPage.filmographyHeader).should('have.text', ratingHeaderTxt);",
              "err": {},
              "uuid": "cf073b60-68d4-4fa1-9ce2-2945c13ee74e",
              "parentUUID": "a3c157ee-f50b-4435-8207-9c574f90e284",
              "isHook": false,
              "skipped": false
            },
            {
              "title": "include only Feature Film, and check Feature Film header is 'Sort by IMDb Rating - Highest Rated Feature Films With Harrison Ford  '",
              "fullTitle": "Should open 'https://www.imdb.com/', Data_driven-filmography include only Feature Film, and check Feature Film header is 'Sort by IMDb Rating - Highest Rated Feature Films With Harrison Ford  '",
              "timedOut": null,
              "duration": 3583,
              "state": "passed",
              "speed": "fast",
              "pass": true,
              "fail": false,
              "pending": false,
              "context": null,
              "code": "cy.log(`Include only Feature Film`);\ncy.get(ActorPage.featureFilmInput).click();\ncy.log(`Check the page header is '${featureHeaderTxt}'`);\ncy.get(ActorPage.filmographyHeader).should('have.text', featureHeaderTxt);",
              "err": {},
              "uuid": "82d35905-2f9c-485f-994f-91b519d2969d",
              "parentUUID": "a3c157ee-f50b-4435-8207-9c574f90e284",
              "isHook": false,
              "skipped": false
            },
            {
              "title": "search and access Anthony Hopkins profile, and check profile header is 'Anthony Hopkins'",
              "fullTitle": "Should open 'https://www.imdb.com/', Data_driven-filmography search and access Anthony Hopkins profile, and check profile header is 'Anthony Hopkins'",
              "timedOut": null,
              "duration": 6974,
              "state": "passed",
              "speed": "medium",
              "pass": true,
              "fail": false,
              "pending": false,
              "context": null,
              "code": "cy.log(`Open IMDB Home page`);\nBasePage.open();\ncy.log(`Search for actor with name ${el.actorName}`);\nActorPage.avatar = el.actorName;\nBasePage.searchActor(el.actorName, ActorPage.actor);\ncy.log(`Check the opened page has the header with text ${el.actorName}`);\ncy.get(ActorPage.profileHeader).eq(0).should('have.text', el.actorName);",
              "err": {},
              "uuid": "04e2d45c-3b0f-4dab-b706-8d43dc91a197",
              "parentUUID": "a3c157ee-f50b-4435-8207-9c574f90e284",
              "isHook": false,
              "skipped": false
            },
            {
              "title": "sort filmography by Rating, and check rating sorted header is 'Sort by IMDb Rating - Highest Rated  Movies and TV Shows With Anthony Hopkins  '",
              "fullTitle": "Should open 'https://www.imdb.com/', Data_driven-filmography sort filmography by Rating, and check rating sorted header is 'Sort by IMDb Rating - Highest Rated  Movies and TV Shows With Anthony Hopkins  '",
              "timedOut": null,
              "duration": 3332,
              "state": "passed",
              "speed": "fast",
              "pass": true,
              "fail": false,
              "pending": false,
              "context": null,
              "code": "//performs sort dependant on the 'old' or 'new' version of website is loaded\ncy.log(`Sort filmography by Rating`);\nActorPage.selectByRating(ratingOptionOld, ratingLinkTxt);\ncy.log(`Check the page header is '${ratingHeaderTxt}`);\ncy.get(ActorPage.filmographyHeader).should('have.text', ratingHeaderTxt);",
              "err": {},
              "uuid": "cb1719d4-2357-4251-bc57-7224d8c640ad",
              "parentUUID": "a3c157ee-f50b-4435-8207-9c574f90e284",
              "isHook": false,
              "skipped": false
            },
            {
              "title": "include only Feature Film, and check Feature Film header is 'Sort by IMDb Rating - Highest Rated Feature Films With Anthony Hopkins  '",
              "fullTitle": "Should open 'https://www.imdb.com/', Data_driven-filmography include only Feature Film, and check Feature Film header is 'Sort by IMDb Rating - Highest Rated Feature Films With Anthony Hopkins  '",
              "timedOut": null,
              "duration": 3171,
              "state": "passed",
              "speed": "fast",
              "pass": true,
              "fail": false,
              "pending": false,
              "context": null,
              "code": "cy.log(`Include only Feature Film`);\ncy.get(ActorPage.featureFilmInput).click();\ncy.log(`Check the page header is '${featureHeaderTxt}'`);\ncy.get(ActorPage.filmographyHeader).should('have.text', featureHeaderTxt);",
              "err": {},
              "uuid": "b5f1bccf-adbf-4c12-91a5-e30717a47896",
              "parentUUID": "a3c157ee-f50b-4435-8207-9c574f90e284",
              "isHook": false,
              "skipped": false
            },
            {
              "title": "search and access Dwayne Johnson profile, and check profile header is 'Dwayne Johnson'",
              "fullTitle": "Should open 'https://www.imdb.com/', Data_driven-filmography search and access Dwayne Johnson profile, and check profile header is 'Dwayne Johnson'",
              "timedOut": null,
              "duration": 6224,
              "state": "passed",
              "speed": "medium",
              "pass": true,
              "fail": false,
              "pending": false,
              "context": null,
              "code": "cy.log(`Open IMDB Home page`);\nBasePage.open();\ncy.log(`Search for actor with name ${el.actorName}`);\nActorPage.avatar = el.actorName;\nBasePage.searchActor(el.actorName, ActorPage.actor);\ncy.log(`Check the opened page has the header with text ${el.actorName}`);\ncy.get(ActorPage.profileHeader).eq(0).should('have.text', el.actorName);",
              "err": {},
              "uuid": "20eef017-e4ac-4760-befa-08d22d498c68",
              "parentUUID": "a3c157ee-f50b-4435-8207-9c574f90e284",
              "isHook": false,
              "skipped": false
            },
            {
              "title": "sort filmography by Rating, and check rating sorted header is 'Sort by IMDb Rating - Highest Rated  Movies and TV Shows With Dwayne Johnson  '",
              "fullTitle": "Should open 'https://www.imdb.com/', Data_driven-filmography sort filmography by Rating, and check rating sorted header is 'Sort by IMDb Rating - Highest Rated  Movies and TV Shows With Dwayne Johnson  '",
              "timedOut": null,
              "duration": 3515,
              "state": "passed",
              "speed": "fast",
              "pass": true,
              "fail": false,
              "pending": false,
              "context": null,
              "code": "//performs sort dependant on the 'old' or 'new' version of website is loaded\ncy.log(`Sort filmography by Rating`);\nActorPage.selectByRating(ratingOptionOld, ratingLinkTxt);\ncy.log(`Check the page header is '${ratingHeaderTxt}`);\ncy.get(ActorPage.filmographyHeader).should('have.text', ratingHeaderTxt);",
              "err": {},
              "uuid": "d4ff5a3c-53d1-4157-9ebf-418216ec1b21",
              "parentUUID": "a3c157ee-f50b-4435-8207-9c574f90e284",
              "isHook": false,
              "skipped": false
            },
            {
              "title": "include only Feature Film, and check Feature Film header is 'Sort by IMDb Rating - Highest Rated Feature Films With Dwayne Johnson  '",
              "fullTitle": "Should open 'https://www.imdb.com/', Data_driven-filmography include only Feature Film, and check Feature Film header is 'Sort by IMDb Rating - Highest Rated Feature Films With Dwayne Johnson  '",
              "timedOut": null,
              "duration": 3493,
              "state": "passed",
              "speed": "fast",
              "pass": true,
              "fail": false,
              "pending": false,
              "context": null,
              "code": "cy.log(`Include only Feature Film`);\ncy.get(ActorPage.featureFilmInput).click();\ncy.log(`Check the page header is '${featureHeaderTxt}'`);\ncy.get(ActorPage.filmographyHeader).should('have.text', featureHeaderTxt);",
              "err": {},
              "uuid": "aadde9e0-74c0-457c-adc9-720b6795be73",
              "parentUUID": "a3c157ee-f50b-4435-8207-9c574f90e284",
              "isHook": false,
              "skipped": false
            },
            {
              "title": "search and access Bruce Willis profile, and check profile header is 'Bruce Willis'",
              "fullTitle": "Should open 'https://www.imdb.com/', Data_driven-filmography search and access Bruce Willis profile, and check profile header is 'Bruce Willis'",
              "timedOut": null,
              "duration": 7747,
              "state": "passed",
              "speed": "medium",
              "pass": true,
              "fail": false,
              "pending": false,
              "context": null,
              "code": "cy.log(`Open IMDB Home page`);\nBasePage.open();\ncy.log(`Search for actor with name ${el.actorName}`);\nActorPage.avatar = el.actorName;\nBasePage.searchActor(el.actorName, ActorPage.actor);\ncy.log(`Check the opened page has the header with text ${el.actorName}`);\ncy.get(ActorPage.profileHeader).eq(0).should('have.text', el.actorName);",
              "err": {},
              "uuid": "9bf56c2c-abb1-4868-a10a-2a9c9ae8b656",
              "parentUUID": "a3c157ee-f50b-4435-8207-9c574f90e284",
              "isHook": false,
              "skipped": false
            },
            {
              "title": "sort filmography by Rating, and check rating sorted header is 'Sort by IMDb Rating - Highest Rated  Movies and TV Shows With Bruce Willis  '",
              "fullTitle": "Should open 'https://www.imdb.com/', Data_driven-filmography sort filmography by Rating, and check rating sorted header is 'Sort by IMDb Rating - Highest Rated  Movies and TV Shows With Bruce Willis  '",
              "timedOut": null,
              "duration": 5448,
              "state": "passed",
              "speed": "medium",
              "pass": true,
              "fail": false,
              "pending": false,
              "context": null,
              "code": "//performs sort dependant on the 'old' or 'new' version of website is loaded\ncy.log(`Sort filmography by Rating`);\nActorPage.selectByRating(ratingOptionOld, ratingLinkTxt);\ncy.log(`Check the page header is '${ratingHeaderTxt}`);\ncy.get(ActorPage.filmographyHeader).should('have.text', ratingHeaderTxt);",
              "err": {},
              "uuid": "e6a1599d-9a66-4e66-8ba0-436d6e8374b3",
              "parentUUID": "a3c157ee-f50b-4435-8207-9c574f90e284",
              "isHook": false,
              "skipped": false
            },
            {
              "title": "include only Feature Film, and check Feature Film header is 'Sort by IMDb Rating - Highest Rated Feature Films With Bruce Willis  '",
              "fullTitle": "Should open 'https://www.imdb.com/', Data_driven-filmography include only Feature Film, and check Feature Film header is 'Sort by IMDb Rating - Highest Rated Feature Films With Bruce Willis  '",
              "timedOut": null,
              "duration": 3377,
              "state": "passed",
              "speed": "fast",
              "pass": true,
              "fail": false,
              "pending": false,
              "context": null,
              "code": "cy.log(`Include only Feature Film`);\ncy.get(ActorPage.featureFilmInput).click();\ncy.log(`Check the page header is '${featureHeaderTxt}'`);\ncy.get(ActorPage.filmographyHeader).should('have.text', featureHeaderTxt);",
              "err": {},
              "uuid": "7d640b09-dc5a-4aae-9306-3e73f5562e8d",
              "parentUUID": "a3c157ee-f50b-4435-8207-9c574f90e284",
              "isHook": false,
              "skipped": false
            },
            {
              "title": "search and access Will Smith profile, and check profile header is 'Will Smith'",
              "fullTitle": "Should open 'https://www.imdb.com/', Data_driven-filmography search and access Will Smith profile, and check profile header is 'Will Smith'",
              "timedOut": null,
              "duration": 6459,
              "state": "passed",
              "speed": "medium",
              "pass": true,
              "fail": false,
              "pending": false,
              "context": null,
              "code": "cy.log(`Open IMDB Home page`);\nBasePage.open();\ncy.log(`Search for actor with name ${el.actorName}`);\nActorPage.avatar = el.actorName;\nBasePage.searchActor(el.actorName, ActorPage.actor);\ncy.log(`Check the opened page has the header with text ${el.actorName}`);\ncy.get(ActorPage.profileHeader).eq(0).should('have.text', el.actorName);",
              "err": {},
              "uuid": "d6caae0e-c4c4-40df-b731-1a048c91bada",
              "parentUUID": "a3c157ee-f50b-4435-8207-9c574f90e284",
              "isHook": false,
              "skipped": false
            },
            {
              "title": "sort filmography by Rating, and check rating sorted header is 'Sort by IMDb Rating - Highest Rated  Movies and TV Shows With Will Smith  '",
              "fullTitle": "Should open 'https://www.imdb.com/', Data_driven-filmography sort filmography by Rating, and check rating sorted header is 'Sort by IMDb Rating - Highest Rated  Movies and TV Shows With Will Smith  '",
              "timedOut": null,
              "duration": 4101,
              "state": "passed",
              "speed": "fast",
              "pass": true,
              "fail": false,
              "pending": false,
              "context": null,
              "code": "//performs sort dependant on the 'old' or 'new' version of website is loaded\ncy.log(`Sort filmography by Rating`);\nActorPage.selectByRating(ratingOptionOld, ratingLinkTxt);\ncy.log(`Check the page header is '${ratingHeaderTxt}`);\ncy.get(ActorPage.filmographyHeader).should('have.text', ratingHeaderTxt);",
              "err": {},
              "uuid": "40dc715c-c46c-438d-8fc7-322b8e29a32a",
              "parentUUID": "a3c157ee-f50b-4435-8207-9c574f90e284",
              "isHook": false,
              "skipped": false
            },
            {
              "title": "include only Feature Film, and check Feature Film header is 'Sort by IMDb Rating - Highest Rated Feature Films With Will Smith  '",
              "fullTitle": "Should open 'https://www.imdb.com/', Data_driven-filmography include only Feature Film, and check Feature Film header is 'Sort by IMDb Rating - Highest Rated Feature Films With Will Smith  '",
              "timedOut": null,
              "duration": 4094,
              "state": "passed",
              "speed": "fast",
              "pass": true,
              "fail": false,
              "pending": false,
              "context": null,
              "code": "cy.log(`Include only Feature Film`);\ncy.get(ActorPage.featureFilmInput).click();\ncy.log(`Check the page header is '${featureHeaderTxt}'`);\ncy.get(ActorPage.filmographyHeader).should('have.text', featureHeaderTxt);",
              "err": {},
              "uuid": "c3a98c16-eb64-400b-b42f-8ff27dee3f18",
              "parentUUID": "a3c157ee-f50b-4435-8207-9c574f90e284",
              "isHook": false,
              "skipped": false
            },
            {
              "title": "search and access Keanu Reeves profile, and check profile header is 'Keanu Reeves'",
              "fullTitle": "Should open 'https://www.imdb.com/', Data_driven-filmography search and access Keanu Reeves profile, and check profile header is 'Keanu Reeves'",
              "timedOut": null,
              "duration": 7761,
              "state": "passed",
              "speed": "medium",
              "pass": true,
              "fail": false,
              "pending": false,
              "context": null,
              "code": "cy.log(`Open IMDB Home page`);\nBasePage.open();\ncy.log(`Search for actor with name ${el.actorName}`);\nActorPage.avatar = el.actorName;\nBasePage.searchActor(el.actorName, ActorPage.actor);\ncy.log(`Check the opened page has the header with text ${el.actorName}`);\ncy.get(ActorPage.profileHeader).eq(0).should('have.text', el.actorName);",
              "err": {},
              "uuid": "fbda19e0-7957-4226-a309-f646a16ea8f1",
              "parentUUID": "a3c157ee-f50b-4435-8207-9c574f90e284",
              "isHook": false,
              "skipped": false
            },
            {
              "title": "sort filmography by Rating, and check rating sorted header is 'Sort by IMDb Rating - Highest Rated  Movies and TV Shows With Keanu Reeves  '",
              "fullTitle": "Should open 'https://www.imdb.com/', Data_driven-filmography sort filmography by Rating, and check rating sorted header is 'Sort by IMDb Rating - Highest Rated  Movies and TV Shows With Keanu Reeves  '",
              "timedOut": null,
              "duration": 3816,
              "state": "passed",
              "speed": "fast",
              "pass": true,
              "fail": false,
              "pending": false,
              "context": null,
              "code": "//performs sort dependant on the 'old' or 'new' version of website is loaded\ncy.log(`Sort filmography by Rating`);\nActorPage.selectByRating(ratingOptionOld, ratingLinkTxt);\ncy.log(`Check the page header is '${ratingHeaderTxt}`);\ncy.get(ActorPage.filmographyHeader).should('have.text', ratingHeaderTxt);",
              "err": {},
              "uuid": "7f97242f-a15e-44b6-a6d8-0e2b9ed67e40",
              "parentUUID": "a3c157ee-f50b-4435-8207-9c574f90e284",
              "isHook": false,
              "skipped": false
            },
            {
              "title": "include only Feature Film, and check Feature Film header is 'Sort by IMDb Rating - Highest Rated Feature Films With Keanu Reeves  '",
              "fullTitle": "Should open 'https://www.imdb.com/', Data_driven-filmography include only Feature Film, and check Feature Film header is 'Sort by IMDb Rating - Highest Rated Feature Films With Keanu Reeves  '",
              "timedOut": null,
              "duration": 3639,
              "state": "passed",
              "speed": "fast",
              "pass": true,
              "fail": false,
              "pending": false,
              "context": null,
              "code": "cy.log(`Include only Feature Film`);\ncy.get(ActorPage.featureFilmInput).click();\ncy.log(`Check the page header is '${featureHeaderTxt}'`);\ncy.get(ActorPage.filmographyHeader).should('have.text', featureHeaderTxt);",
              "err": {},
              "uuid": "89d79d7d-7078-433f-a38d-bdddcbe63cb2",
              "parentUUID": "a3c157ee-f50b-4435-8207-9c574f90e284",
              "isHook": false,
              "skipped": false
            },
            {
              "title": "search and access Eddie Murphy profile, and check profile header is 'Eddie Murphy'",
              "fullTitle": "Should open 'https://www.imdb.com/', Data_driven-filmography search and access Eddie Murphy profile, and check profile header is 'Eddie Murphy'",
              "timedOut": null,
              "duration": 7518,
              "state": "passed",
              "speed": "medium",
              "pass": true,
              "fail": false,
              "pending": false,
              "context": null,
              "code": "cy.log(`Open IMDB Home page`);\nBasePage.open();\ncy.log(`Search for actor with name ${el.actorName}`);\nActorPage.avatar = el.actorName;\nBasePage.searchActor(el.actorName, ActorPage.actor);\ncy.log(`Check the opened page has the header with text ${el.actorName}`);\ncy.get(ActorPage.profileHeader).eq(0).should('have.text', el.actorName);",
              "err": {},
              "uuid": "decb6db0-677f-457d-8d06-a26d295cb216",
              "parentUUID": "a3c157ee-f50b-4435-8207-9c574f90e284",
              "isHook": false,
              "skipped": false
            },
            {
              "title": "sort filmography by Rating, and check rating sorted header is 'Sort by IMDb Rating - Highest Rated  Movies and TV Shows With Eddie Murphy  '",
              "fullTitle": "Should open 'https://www.imdb.com/', Data_driven-filmography sort filmography by Rating, and check rating sorted header is 'Sort by IMDb Rating - Highest Rated  Movies and TV Shows With Eddie Murphy  '",
              "timedOut": null,
              "duration": 3788,
              "state": "passed",
              "speed": "fast",
              "pass": true,
              "fail": false,
              "pending": false,
              "context": null,
              "code": "//performs sort dependant on the 'old' or 'new' version of website is loaded\ncy.log(`Sort filmography by Rating`);\nActorPage.selectByRating(ratingOptionOld, ratingLinkTxt);\ncy.log(`Check the page header is '${ratingHeaderTxt}`);\ncy.get(ActorPage.filmographyHeader).should('have.text', ratingHeaderTxt);",
              "err": {},
              "uuid": "d411fbab-4d9d-4acd-9f6e-baefa55df356",
              "parentUUID": "a3c157ee-f50b-4435-8207-9c574f90e284",
              "isHook": false,
              "skipped": false
            },
            {
              "title": "include only Feature Film, and check Feature Film header is 'Sort by IMDb Rating - Highest Rated Feature Films With Eddie Murphy  '",
              "fullTitle": "Should open 'https://www.imdb.com/', Data_driven-filmography include only Feature Film, and check Feature Film header is 'Sort by IMDb Rating - Highest Rated Feature Films With Eddie Murphy  '",
              "timedOut": null,
              "duration": 3447,
              "state": "passed",
              "speed": "fast",
              "pass": true,
              "fail": false,
              "pending": false,
              "context": null,
              "code": "cy.log(`Include only Feature Film`);\ncy.get(ActorPage.featureFilmInput).click();\ncy.log(`Check the page header is '${featureHeaderTxt}'`);\ncy.get(ActorPage.filmographyHeader).should('have.text', featureHeaderTxt);",
              "err": {},
              "uuid": "25f10e28-e27c-4125-b961-150da5cdbb5c",
              "parentUUID": "a3c157ee-f50b-4435-8207-9c574f90e284",
              "isHook": false,
              "skipped": false
            },
            {
              "title": "search and access Jackie Chan profile, and check profile header is 'Jackie Chan'",
              "fullTitle": "Should open 'https://www.imdb.com/', Data_driven-filmography search and access Jackie Chan profile, and check profile header is 'Jackie Chan'",
              "timedOut": null,
              "duration": 8158,
              "state": "passed",
              "speed": "medium",
              "pass": true,
              "fail": false,
              "pending": false,
              "context": null,
              "code": "cy.log(`Open IMDB Home page`);\nBasePage.open();\ncy.log(`Search for actor with name ${el.actorName}`);\nActorPage.avatar = el.actorName;\nBasePage.searchActor(el.actorName, ActorPage.actor);\ncy.log(`Check the opened page has the header with text ${el.actorName}`);\ncy.get(ActorPage.profileHeader).eq(0).should('have.text', el.actorName);",
              "err": {},
              "uuid": "d85fc785-9d63-43b0-aac9-3d9b6f195d42",
              "parentUUID": "a3c157ee-f50b-4435-8207-9c574f90e284",
              "isHook": false,
              "skipped": false
            },
            {
              "title": "sort filmography by Rating, and check rating sorted header is 'Sort by IMDb Rating - Highest Rated  Movies and TV Shows With Jackie Chan  '",
              "fullTitle": "Should open 'https://www.imdb.com/', Data_driven-filmography sort filmography by Rating, and check rating sorted header is 'Sort by IMDb Rating - Highest Rated  Movies and TV Shows With Jackie Chan  '",
              "timedOut": null,
              "duration": 3673,
              "state": "passed",
              "speed": "fast",
              "pass": true,
              "fail": false,
              "pending": false,
              "context": null,
              "code": "//performs sort dependant on the 'old' or 'new' version of website is loaded\ncy.log(`Sort filmography by Rating`);\nActorPage.selectByRating(ratingOptionOld, ratingLinkTxt);\ncy.log(`Check the page header is '${ratingHeaderTxt}`);\ncy.get(ActorPage.filmographyHeader).should('have.text', ratingHeaderTxt);",
              "err": {},
              "uuid": "54068597-2eac-4b6e-a290-797d84a2e799",
              "parentUUID": "a3c157ee-f50b-4435-8207-9c574f90e284",
              "isHook": false,
              "skipped": false
            },
            {
              "title": "include only Feature Film, and check Feature Film header is 'Sort by IMDb Rating - Highest Rated Feature Films With Jackie Chan  '",
              "fullTitle": "Should open 'https://www.imdb.com/', Data_driven-filmography include only Feature Film, and check Feature Film header is 'Sort by IMDb Rating - Highest Rated Feature Films With Jackie Chan  '",
              "timedOut": null,
              "duration": 3440,
              "state": "passed",
              "speed": "fast",
              "pass": true,
              "fail": false,
              "pending": false,
              "context": null,
              "code": "cy.log(`Include only Feature Film`);\ncy.get(ActorPage.featureFilmInput).click();\ncy.log(`Check the page header is '${featureHeaderTxt}'`);\ncy.get(ActorPage.filmographyHeader).should('have.text', featureHeaderTxt);",
              "err": {},
              "uuid": "bda40bec-016f-4bd1-88f0-6c703e2d709c",
              "parentUUID": "a3c157ee-f50b-4435-8207-9c574f90e284",
              "isHook": false,
              "skipped": false
            },
            {
              "title": "search and access Sean Connery profile, and check profile header is 'Sean Connery'",
              "fullTitle": "Should open 'https://www.imdb.com/', Data_driven-filmography search and access Sean Connery profile, and check profile header is 'Sean Connery'",
              "timedOut": null,
              "duration": 7762,
              "state": "passed",
              "speed": "medium",
              "pass": true,
              "fail": false,
              "pending": false,
              "context": null,
              "code": "cy.log(`Open IMDB Home page`);\nBasePage.open();\ncy.log(`Search for actor with name ${el.actorName}`);\nActorPage.avatar = el.actorName;\nBasePage.searchActor(el.actorName, ActorPage.actor);\ncy.log(`Check the opened page has the header with text ${el.actorName}`);\ncy.get(ActorPage.profileHeader).eq(0).should('have.text', el.actorName);",
              "err": {},
              "uuid": "8d148f40-f90b-40db-abef-d10e37dca6ca",
              "parentUUID": "a3c157ee-f50b-4435-8207-9c574f90e284",
              "isHook": false,
              "skipped": false
            },
            {
              "title": "sort filmography by Rating, and check rating sorted header is 'Sort by IMDb Rating - Highest Rated  Movies and TV Shows With Sean Connery  '",
              "fullTitle": "Should open 'https://www.imdb.com/', Data_driven-filmography sort filmography by Rating, and check rating sorted header is 'Sort by IMDb Rating - Highest Rated  Movies and TV Shows With Sean Connery  '",
              "timedOut": null,
              "duration": 3691,
              "state": "passed",
              "speed": "fast",
              "pass": true,
              "fail": false,
              "pending": false,
              "context": null,
              "code": "//performs sort dependant on the 'old' or 'new' version of website is loaded\ncy.log(`Sort filmography by Rating`);\nActorPage.selectByRating(ratingOptionOld, ratingLinkTxt);\ncy.log(`Check the page header is '${ratingHeaderTxt}`);\ncy.get(ActorPage.filmographyHeader).should('have.text', ratingHeaderTxt);",
              "err": {},
              "uuid": "41bfa7be-4487-4427-95da-bfb3f510fd0d",
              "parentUUID": "a3c157ee-f50b-4435-8207-9c574f90e284",
              "isHook": false,
              "skipped": false
            },
            {
              "title": "include only Feature Film, and check Feature Film header is 'Sort by IMDb Rating - Highest Rated Feature Films With Sean Connery  '",
              "fullTitle": "Should open 'https://www.imdb.com/', Data_driven-filmography include only Feature Film, and check Feature Film header is 'Sort by IMDb Rating - Highest Rated Feature Films With Sean Connery  '",
              "timedOut": null,
              "duration": 3581,
              "state": "passed",
              "speed": "fast",
              "pass": true,
              "fail": false,
              "pending": false,
              "context": null,
              "code": "cy.log(`Include only Feature Film`);\ncy.get(ActorPage.featureFilmInput).click();\ncy.log(`Check the page header is '${featureHeaderTxt}'`);\ncy.get(ActorPage.filmographyHeader).should('have.text', featureHeaderTxt);",
              "err": {},
              "uuid": "15e0821a-0706-4495-aebb-0876b4ddd861",
              "parentUUID": "a3c157ee-f50b-4435-8207-9c574f90e284",
              "isHook": false,
              "skipped": false
            },
            {
              "title": "search and access Hugh Jackman profile, and check profile header is 'Hugh Jackman'",
              "fullTitle": "Should open 'https://www.imdb.com/', Data_driven-filmography search and access Hugh Jackman profile, and check profile header is 'Hugh Jackman'",
              "timedOut": null,
              "duration": 6222,
              "state": "passed",
              "speed": "medium",
              "pass": true,
              "fail": false,
              "pending": false,
              "context": null,
              "code": "cy.log(`Open IMDB Home page`);\nBasePage.open();\ncy.log(`Search for actor with name ${el.actorName}`);\nActorPage.avatar = el.actorName;\nBasePage.searchActor(el.actorName, ActorPage.actor);\ncy.log(`Check the opened page has the header with text ${el.actorName}`);\ncy.get(ActorPage.profileHeader).eq(0).should('have.text', el.actorName);",
              "err": {},
              "uuid": "f6ba2135-b70a-43fe-94a6-2181449cb6b4",
              "parentUUID": "a3c157ee-f50b-4435-8207-9c574f90e284",
              "isHook": false,
              "skipped": false
            },
            {
              "title": "sort filmography by Rating, and check rating sorted header is 'Sort by IMDb Rating - Highest Rated  Movies and TV Shows With Hugh Jackman  '",
              "fullTitle": "Should open 'https://www.imdb.com/', Data_driven-filmography sort filmography by Rating, and check rating sorted header is 'Sort by IMDb Rating - Highest Rated  Movies and TV Shows With Hugh Jackman  '",
              "timedOut": null,
              "duration": 3724,
              "state": "passed",
              "speed": "fast",
              "pass": true,
              "fail": false,
              "pending": false,
              "context": null,
              "code": "//performs sort dependant on the 'old' or 'new' version of website is loaded\ncy.log(`Sort filmography by Rating`);\nActorPage.selectByRating(ratingOptionOld, ratingLinkTxt);\ncy.log(`Check the page header is '${ratingHeaderTxt}`);\ncy.get(ActorPage.filmographyHeader).should('have.text', ratingHeaderTxt);",
              "err": {},
              "uuid": "dde1fe32-fb0e-497c-8979-4dcefb113206",
              "parentUUID": "a3c157ee-f50b-4435-8207-9c574f90e284",
              "isHook": false,
              "skipped": false
            },
            {
              "title": "include only Feature Film, and check Feature Film header is 'Sort by IMDb Rating - Highest Rated Feature Films With Hugh Jackman  '",
              "fullTitle": "Should open 'https://www.imdb.com/', Data_driven-filmography include only Feature Film, and check Feature Film header is 'Sort by IMDb Rating - Highest Rated Feature Films With Hugh Jackman  '",
              "timedOut": null,
              "duration": 3405,
              "state": "passed",
              "speed": "fast",
              "pass": true,
              "fail": false,
              "pending": false,
              "context": null,
              "code": "cy.log(`Include only Feature Film`);\ncy.get(ActorPage.featureFilmInput).click();\ncy.log(`Check the page header is '${featureHeaderTxt}'`);\ncy.get(ActorPage.filmographyHeader).should('have.text', featureHeaderTxt);",
              "err": {},
              "uuid": "0e1bca7b-8a2a-48b4-bd93-0db227588968",
              "parentUUID": "a3c157ee-f50b-4435-8207-9c574f90e284",
              "isHook": false,
              "skipped": false
            }
          ],
          "suites": [],
          "passes": [
            "b62845dd-4542-4dd4-8a15-cc8f55bd85b1",
            "c4914799-1ba9-4326-8ca0-81c11f9653ae",
            "45c953c5-c6f1-4814-b4d9-3f3fa9f20add",
            "0e7e4d51-ac57-48d9-abb3-266f5a7d8160",
            "8e646fbd-0b95-4c8e-9fd3-9c60cd321e87",
            "7b925036-8b27-4651-8ff3-dfcb1b9d861a",
            "8061085c-1204-4177-94fb-596f58c5d115",
            "493856fb-2127-4caa-9b3b-06174f8fc67b",
            "9bb339de-717e-484a-8e30-5286b26559d1",
            "4a4ed11e-223c-454c-b44d-f965d482129b",
            "d85942af-8253-49fe-9f0c-c88411e57cf2",
            "694c5074-698a-4b27-a7b7-be415d0c5394",
            "c6ab0aed-8d9f-4a2d-a1e9-bb8ef726a49c",
            "cf073b60-68d4-4fa1-9ce2-2945c13ee74e",
            "82d35905-2f9c-485f-994f-91b519d2969d",
            "04e2d45c-3b0f-4dab-b706-8d43dc91a197",
            "cb1719d4-2357-4251-bc57-7224d8c640ad",
            "b5f1bccf-adbf-4c12-91a5-e30717a47896",
            "20eef017-e4ac-4760-befa-08d22d498c68",
            "d4ff5a3c-53d1-4157-9ebf-418216ec1b21",
            "aadde9e0-74c0-457c-adc9-720b6795be73",
            "9bf56c2c-abb1-4868-a10a-2a9c9ae8b656",
            "e6a1599d-9a66-4e66-8ba0-436d6e8374b3",
            "7d640b09-dc5a-4aae-9306-3e73f5562e8d",
            "d6caae0e-c4c4-40df-b731-1a048c91bada",
            "40dc715c-c46c-438d-8fc7-322b8e29a32a",
            "c3a98c16-eb64-400b-b42f-8ff27dee3f18",
            "fbda19e0-7957-4226-a309-f646a16ea8f1",
            "7f97242f-a15e-44b6-a6d8-0e2b9ed67e40",
            "89d79d7d-7078-433f-a38d-bdddcbe63cb2",
            "decb6db0-677f-457d-8d06-a26d295cb216",
            "d411fbab-4d9d-4acd-9f6e-baefa55df356",
            "25f10e28-e27c-4125-b961-150da5cdbb5c",
            "d85fc785-9d63-43b0-aac9-3d9b6f195d42",
            "54068597-2eac-4b6e-a290-797d84a2e799",
            "bda40bec-016f-4bd1-88f0-6c703e2d709c",
            "8d148f40-f90b-40db-abef-d10e37dca6ca",
            "41bfa7be-4487-4427-95da-bfb3f510fd0d",
            "15e0821a-0706-4495-aebb-0876b4ddd861",
            "f6ba2135-b70a-43fe-94a6-2181449cb6b4",
            "dde1fe32-fb0e-497c-8979-4dcefb113206",
            "0e1bca7b-8a2a-48b4-bd93-0db227588968"
          ],
          "failures": [],
          "pending": [],
          "skipped": [],
          "duration": 204106,
          "root": false,
          "rootEmpty": false,
          "_timeout": 2000
        }
      ],
      "passes": [],
      "failures": [],
      "pending": [],
      "skipped": [],
      "duration": 0,
      "root": true,
      "rootEmpty": true,
      "_timeout": 2000
    }
  ],
  "meta": {
    "mocha": {
      "version": "7.0.1"
    },
    "mochawesome": {
      "options": {
        "quiet": false,
        "reportFilename": "mochawesome",
        "saveHtml": false,
        "saveJson": true,
        "consoleReporter": "spec",
        "useInlineDiffs": false,
        "code": true
      },
      "version": "7.1.3"
    },
    "marge": {
      "options": {
        "reportDir": "mochawesome-report\\.jsons",
        "charts": true,
        "reportPageTitle": "IMDB Cypress test for Verisk",
        "embeddedScreenshots": true,
        "inlineAssets": true,
        "saveAllAttempts": false,
        "overwrite": false,
        "html": false,
        "json": true
      },
      "version": "6.2.0"
    }
  }
}