{
  "stats": {
    "suites": 1,
    "tests": 3,
    "passes": 3,
    "pending": 0,
    "failures": 0,
    "start": "2023-05-27T20:42:37.170Z",
    "end": "2023-05-27T20:42:52.389Z",
    "duration": 15219,
    "testsRegistered": 3,
    "passPercent": 100,
    "pendingPercent": 0,
    "other": 0,
    "hasOther": false,
    "skipped": 0,
    "hasSkipped": false
  },
  "results": [
    {
      "uuid": "aadbc091-3a3b-496a-ad8a-0cefd5817861",
      "title": "",
      "fullFile": "cypress/e2e/env_driven/imdb.actor_filmography.cy.js",
      "file": "cypress/e2e/env_driven/imdb.actor_filmography.cy.js",
      "beforeHooks": [],
      "afterHooks": [],
      "tests": [],
      "suites": [
        {
          "uuid": "ebf885c8-210a-43e6-afef-02ed8a48357c",
          "title": "Should open 'https://www.imdb.com/', ENV_driven-filmography",
          "fullFile": "",
          "file": "",
          "beforeHooks": [],
          "afterHooks": [],
          "tests": [
            {
              "title": "search and access Nicolas Cage profile, and check profile header is 'Nicolas Cage'",
              "fullTitle": "Should open 'https://www.imdb.com/', ENV_driven-filmography search and access Nicolas Cage profile, and check profile header is 'Nicolas Cage'",
              "timedOut": null,
              "duration": 7894,
              "state": "passed",
              "speed": "medium",
              "pass": true,
              "fail": false,
              "pending": false,
              "context": null,
              "code": "cy.log(`Open IMDB Home page`);\nBasePage.open();\ncy.log(`Search for actor with name ${actorName}`);\nActorPage.avatar = actorName;\nBasePage.searchActor(actorName, ActorPage.actor);\ncy.log(`Check the opened page has the header with text ${actorName}`);\ncy.get(ActorPage.profileHeader).eq(0).should('have.text', actorName);",
              "err": {},
              "uuid": "63dcb214-652d-464b-984c-16159bfee88f",
              "parentUUID": "ebf885c8-210a-43e6-afef-02ed8a48357c",
              "isHook": false,
              "skipped": false
            },
            {
              "title": "sort filmography by Rating, and check rating sorted header is 'Sort by IMDb Rating - Highest Rated  Movies and TV Shows With Nicolas Cage  '",
              "fullTitle": "Should open 'https://www.imdb.com/', ENV_driven-filmography sort filmography by Rating, and check rating sorted header is 'Sort by IMDb Rating - Highest Rated  Movies and TV Shows With Nicolas Cage  '",
              "timedOut": null,
              "duration": 4198,
              "state": "passed",
              "speed": "fast",
              "pass": true,
              "fail": false,
              "pending": false,
              "context": null,
              "code": "//performs sort dependant on the 'old' or 'new' version of website is loaded\ncy.log(`Sort filmography by Rating`);\nActorPage.selectByRating(ratingOptionOld, ratingLinkTxt);\ncy.log(`Check the page header is '${ratingHeaderTxt}`);\ncy.get(ActorPage.filmographyHeader).should('have.text', ratingHeaderTxt);",
              "err": {},
              "uuid": "c6506897-f55f-48cd-844d-122f15d1bd2a",
              "parentUUID": "ebf885c8-210a-43e6-afef-02ed8a48357c",
              "isHook": false,
              "skipped": false
            },
            {
              "title": "include only Feature Film, and check Feature Film header is 'Sort by IMDb Rating - Highest Rated Feature Films With Nicolas Cage  '",
              "fullTitle": "Should open 'https://www.imdb.com/', ENV_driven-filmography include only Feature Film, and check Feature Film header is 'Sort by IMDb Rating - Highest Rated Feature Films With Nicolas Cage  '",
              "timedOut": null,
              "duration": 2961,
              "state": "passed",
              "speed": "fast",
              "pass": true,
              "fail": false,
              "pending": false,
              "context": null,
              "code": "cy.log(`Include only Feature Film`);\ncy.get(ActorPage.featureFilmInput).click();\ncy.log(`Check the page header is '${featureHeaderTxt}'`);\ncy.get(ActorPage.filmographyHeader).should('have.text', featureHeaderTxt);",
              "err": {},
              "uuid": "7774983a-fb2a-44fe-9904-b2fe53d5f95a",
              "parentUUID": "ebf885c8-210a-43e6-afef-02ed8a48357c",
              "isHook": false,
              "skipped": false
            }
          ],
          "suites": [],
          "passes": [
            "63dcb214-652d-464b-984c-16159bfee88f",
            "c6506897-f55f-48cd-844d-122f15d1bd2a",
            "7774983a-fb2a-44fe-9904-b2fe53d5f95a"
          ],
          "failures": [],
          "pending": [],
          "skipped": [],
          "duration": 15053,
          "root": false,
          "rootEmpty": false,
          "_timeout": 2000
        }
      ],
      "passes": [],
      "failures": [],
      "pending": [],
      "skipped": [],
      "duration": 0,
      "root": true,
      "rootEmpty": true,
      "_timeout": 2000
    }
  ],
  "meta": {
    "mocha": {
      "version": "7.0.1"
    },
    "mochawesome": {
      "options": {
        "quiet": false,
        "reportFilename": "mochawesome",
        "saveHtml": false,
        "saveJson": true,
        "consoleReporter": "spec",
        "useInlineDiffs": false,
        "code": true
      },
      "version": "7.1.3"
    },
    "marge": {
      "options": {
        "reportDir": "mochawesome-report/.jsons",
        "charts": true,
        "reportPageTitle": "IMDB Cypress test for Verisk",
        "embeddedScreenshots": true,
        "inlineAssets": true,
        "saveAllAttempts": false,
        "overwrite": false,
        "html": false,
        "json": true
      },
      "version": "6.2.0"
    }
  }
}